2019-08-27 17:45:21.015 INFO  [org.springframework.context.support.AbstractApplicationContext:582] - Refreshing org.springframework.context.annotation.AnnotationConfigApplicationContext@bcec361: startup date [Tue Aug 27 17:45:21 CST 2019]; root of context hierarchy
2019-08-27 17:45:21.023 INFO  [org.hibernate.validator.internal.util.Version:30] - HV000001: Hibernate Validator 5.3.4.Final
2019-08-27 17:45:21.209 INFO  [org.springframework.beans.factory.annotation.AutowiredAnnotationBeanPostProcessor:155] - JSR-330 'javax.inject.Inject' annotation found and supported for autowiring
2019-08-27 17:45:21.253 INFO  [org.springframework.context.support.PostProcessorRegistrationDelegate$BeanPostProcessorChecker:325] - Bean 'configurationPropertiesRebinderAutoConfiguration' of type [org.springframework.cloud.autoconfigure.ConfigurationPropertiesRebinderAutoConfiguration$$EnhancerBySpringCGLIB$$17c086a3] is not eligible for getting processed by all BeanPostProcessors (for example: not eligible for auto-proxying)
2019-08-27 17:45:22.140 INFO  [org.springframework.boot.SpringApplication:641] - The following profiles are active: test
2019-08-27 17:45:22.153 INFO  [org.springframework.context.support.AbstractApplicationContext:582] - Refreshing org.springframework.boot.context.embedded.AnnotationConfigEmbeddedWebApplicationContext@758c83d8: startup date [Tue Aug 27 17:45:22 CST 2019]; parent: org.springframework.context.annotation.AnnotationConfigApplicationContext@bcec361
2019-08-27 17:45:22.887 INFO  [org.springframework.cloud.context.scope.GenericScope:263] - BeanFactory id=a7dc9d7d-3a2b-3ee7-a857-6672c8037dd2
2019-08-27 17:45:22.897 INFO  [org.springframework.beans.factory.annotation.AutowiredAnnotationBeanPostProcessor:155] - JSR-330 'javax.inject.Inject' annotation found and supported for autowiring
2019-08-27 17:45:22.963 INFO  [org.springframework.context.support.PostProcessorRegistrationDelegate$BeanPostProcessorChecker:325] - Bean 'org.springframework.cloud.autoconfigure.ConfigurationPropertiesRebinderAutoConfiguration' of type [org.springframework.cloud.autoconfigure.ConfigurationPropertiesRebinderAutoConfiguration$$EnhancerBySpringCGLIB$$17c086a3] is not eligible for getting processed by all BeanPostProcessors (for example: not eligible for auto-proxying)
2019-08-27 17:45:23.171 INFO  [org.springframework.boot.context.embedded.tomcat.TomcatEmbeddedServletContainer:89] - Tomcat initialized with port(s): 6008 (http)
2019-08-27 17:45:23.181 INFO  [org.apache.juli.logging.DirectJDKLog:179] - Starting service Tomcat
2019-08-27 17:45:23.182 INFO  [org.apache.juli.logging.DirectJDKLog:179] - Starting Servlet Engine: Apache Tomcat/8.5.11
2019-08-27 17:45:23.298 INFO  [org.apache.juli.logging.DirectJDKLog:179] - Initializing Spring embedded WebApplicationContext
2019-08-27 17:45:23.298 INFO  [org.springframework.boot.context.embedded.EmbeddedWebApplicationContext:276] - Root WebApplicationContext: initialization completed in 1145 ms
2019-08-27 17:45:23.444 INFO  [org.springframework.boot.web.servlet.ServletRegistrationBean:190] - Mapping servlet: 'dispatcherServlet' to [/]
2019-08-27 17:45:23.448 INFO  [org.springframework.boot.web.servlet.AbstractFilterRegistrationBean:258] - Mapping filter: 'characterEncodingFilter' to: [/*]
2019-08-27 17:45:23.449 INFO  [org.springframework.boot.web.servlet.AbstractFilterRegistrationBean:258] - Mapping filter: 'hiddenHttpMethodFilter' to: [/*]
2019-08-27 17:45:23.449 INFO  [org.springframework.boot.web.servlet.AbstractFilterRegistrationBean:258] - Mapping filter: 'httpPutFormContentFilter' to: [/*]
2019-08-27 17:45:23.449 INFO  [org.springframework.boot.web.servlet.AbstractFilterRegistrationBean:258] - Mapping filter: 'requestContextFilter' to: [/*]
2019-08-27 17:45:23.800 INFO  [org.springframework.web.servlet.mvc.method.annotation.RequestMappingHandlerAdapter:534] - Looking for @ControllerAdvice: org.springframework.boot.context.embedded.AnnotationConfigEmbeddedWebApplicationContext@758c83d8: startup date [Tue Aug 27 17:45:22 CST 2019]; parent: org.springframework.context.annotation.AnnotationConfigApplicationContext@bcec361
2019-08-27 17:45:23.865 INFO  [org.springframework.web.servlet.handler.AbstractHandlerMethodMapping$MappingRegistry:543] - Mapped "{[/dz/uploadFile],methods=[POST],consumes=[multipart/form-data],produces=[application/json;charset=UTF-8]}" onto public com.alibaba.fastjson.JSONObject com.cmcc.healthcare.ihp.service.file.controller.FileController.uploadFile(org.springframework.web.multipart.MultipartFile,double,int) throws java.lang.Exception
2019-08-27 17:45:23.867 INFO  [org.springframework.web.servlet.handler.AbstractHandlerMethodMapping$MappingRegistry:543] - Mapped "{[/dz/more],produces=[application/json;charset=UTF-8]}" onto public java.lang.String com.cmcc.healthcare.ihp.service.file.controller.TestController.uploadMoreFiles() throws java.lang.Exception
2019-08-27 17:45:23.867 INFO  [org.springframework.web.servlet.handler.AbstractHandlerMethodMapping$MappingRegistry:543] - Mapped "{[/dz/single],produces=[application/json;charset=UTF-8]}" onto public java.lang.String com.cmcc.healthcare.ihp.service.file.controller.TestController.listFileByBussId() throws java.lang.Exception
2019-08-27 17:45:23.869 INFO  [org.springframework.web.servlet.handler.AbstractHandlerMethodMapping$MappingRegistry:543] - Mapped "{[/error]}" onto public org.springframework.http.ResponseEntity<java.util.Map<java.lang.String, java.lang.Object>> org.springframework.boot.autoconfigure.web.BasicErrorController.error(javax.servlet.http.HttpServletRequest)
2019-08-27 17:45:23.870 INFO  [org.springframework.web.servlet.handler.AbstractHandlerMethodMapping$MappingRegistry:543] - Mapped "{[/error],produces=[text/html]}" onto public org.springframework.web.servlet.ModelAndView org.springframework.boot.autoconfigure.web.BasicErrorController.errorHtml(javax.servlet.http.HttpServletRequest,javax.servlet.http.HttpServletResponse)
2019-08-27 17:45:23.904 INFO  [org.springframework.web.servlet.handler.AbstractUrlHandlerMapping:362] - Mapped URL path [/webjars/**] onto handler of type [class org.springframework.web.servlet.resource.ResourceHttpRequestHandler]
2019-08-27 17:45:23.904 INFO  [org.springframework.web.servlet.handler.AbstractUrlHandlerMapping:362] - Mapped URL path [/**] onto handler of type [class org.springframework.web.servlet.resource.ResourceHttpRequestHandler]
2019-08-27 17:45:23.946 INFO  [org.springframework.web.servlet.handler.AbstractUrlHandlerMapping:362] - Mapped URL path [/**/favicon.ico] onto handler of type [class org.springframework.web.servlet.resource.ResourceHttpRequestHandler]
2019-08-27 17:45:24.523 WARN  [com.netflix.config.sources.URLConfigurationSource:121] - No URLs will be polled as dynamic configuration sources.
2019-08-27 17:45:24.523 INFO  [com.netflix.config.sources.URLConfigurationSource:122] - To enable URLs as dynamic configuration sources, define System property archaius.configurationSource.additionalUrls or make config.properties available on classpath.
2019-08-27 17:45:24.527 WARN  [com.netflix.config.sources.URLConfigurationSource:121] - No URLs will be polled as dynamic configuration sources.
2019-08-27 17:45:24.527 INFO  [com.netflix.config.sources.URLConfigurationSource:122] - To enable URLs as dynamic configuration sources, define System property archaius.configurationSource.additionalUrls or make config.properties available on classpath.
2019-08-27 17:45:24.603 INFO  [org.springframework.jmx.export.MBeanExporter:431] - Registering beans for JMX exposure on startup
2019-08-27 17:45:24.611 INFO  [org.springframework.jmx.export.MBeanExporter:916] - Bean with name 'environmentManager' has been autodetected for JMX exposure
2019-08-27 17:45:24.612 INFO  [org.springframework.jmx.export.MBeanExporter:916] - Bean with name 'configurationPropertiesRebinder' has been autodetected for JMX exposure
2019-08-27 17:45:24.613 INFO  [org.springframework.jmx.export.MBeanExporter:916] - Bean with name 'refreshScope' has been autodetected for JMX exposure
2019-08-27 17:45:24.615 INFO  [org.springframework.jmx.export.MBeanExporter:678] - Located managed bean 'environmentManager': registering with JMX server as MBean [org.springframework.cloud.context.environment:name=environmentManager,type=EnvironmentManager]
2019-08-27 17:45:24.626 INFO  [org.springframework.jmx.export.MBeanExporter:678] - Located managed bean 'refreshScope': registering with JMX server as MBean [org.springframework.cloud.context.scope.refresh:name=refreshScope,type=RefreshScope]
2019-08-27 17:45:24.635 INFO  [org.springframework.jmx.export.MBeanExporter:678] - Located managed bean 'configurationPropertiesRebinder': registering with JMX server as MBean [org.springframework.cloud.context.properties:name=configurationPropertiesRebinder,context=758c83d8,type=ConfigurationPropertiesRebinder]
2019-08-27 17:45:24.706 INFO  [org.apache.juli.logging.DirectJDKLog:179] - Initializing ProtocolHandler ["http-nio-6008"]
2019-08-27 17:45:24.715 INFO  [org.apache.juli.logging.DirectJDKLog:179] - Starting ProtocolHandler [http-nio-6008]
2019-08-27 17:45:24.724 INFO  [org.apache.juli.logging.DirectJDKLog:179] - Using a shared selector for servlet write/read
2019-08-27 17:45:24.741 INFO  [org.springframework.boot.context.embedded.tomcat.TomcatEmbeddedServletContainer:198] - Tomcat started on port(s): 6008 (http)
2019-08-27 17:45:24.745 INFO  [org.springframework.boot.StartupInfoLogger:57] - Started DzApplication in 4.783 seconds (JVM running for 6.113)
